  World.cpp
c:\users\axel\documents\visual studio 2010\projects\riptide physics\riptide physics\shape.h(24): warning C4244: 'argument' : conversion from 'double' to 'FLOAT', possible loss of data
c:\users\axel\documents\visual studio 2010\projects\riptide physics\riptide physics\shape.h(24): warning C4244: 'argument' : conversion from 'double' to 'FLOAT', possible loss of data
c:\users\axel\documents\visual studio 2010\projects\riptide physics\riptide physics\bigmatrix.h(21): warning C4018: '<' : signed/unsigned mismatch
c:\users\axel\documents\visual studio 2010\projects\riptide physics\riptide physics\bigmatrix.h(22): warning C4018: '<' : signed/unsigned mismatch
c:\users\axel\documents\visual studio 2010\projects\riptide physics\riptide physics\bigmatrix.h(45): warning C4018: '<' : signed/unsigned mismatch
  c:\program files (x86)\microsoft directx sdk (june 2010)\include\dinput.h: DIRECTINPUT_VERSION undefined. Defaulting to version 0x0800
c:\users\axel\documents\visual studio 2010\projects\riptide physics\riptide physics\world.cpp(29): warning C4018: '<' : signed/unsigned mismatch
c:\users\axel\documents\visual studio 2010\projects\riptide physics\riptide physics\world.cpp(42): warning C4018: '<' : signed/unsigned mismatch
c:\users\axel\documents\visual studio 2010\projects\riptide physics\riptide physics\world.cpp(46): warning C4018: '<' : signed/unsigned mismatch
c:\users\axel\documents\visual studio 2010\projects\riptide physics\riptide physics\world.cpp(90): warning C4018: '<' : signed/unsigned mismatch
c:\users\axel\documents\visual studio 2010\projects\riptide physics\riptide physics\world.cpp(120): warning C4018: '<' : signed/unsigned mismatch
c:\users\axel\documents\visual studio 2010\projects\riptide physics\riptide physics\world.cpp(153): warning C4018: '<' : signed/unsigned mismatch
c:\users\axel\documents\visual studio 2010\projects\riptide physics\riptide physics\world.cpp(186): warning C4018: '<' : signed/unsigned mismatch
c:\users\axel\documents\visual studio 2010\projects\riptide physics\riptide physics\world.cpp(205): warning C4018: '<' : signed/unsigned mismatch
  Vertex.cpp
  Shape.cpp
c:\users\axel\documents\visual studio 2010\projects\riptide physics\riptide physics\shape.h(24): warning C4244: 'argument' : conversion from 'double' to 'FLOAT', possible loss of data
c:\users\axel\documents\visual studio 2010\projects\riptide physics\riptide physics\shape.h(24): warning C4244: 'argument' : conversion from 'double' to 'FLOAT', possible loss of data
c:\users\axel\documents\visual studio 2010\projects\riptide physics\riptide physics\shape.cpp(38): warning C4244: 'return' : conversion from 'float' to 'int', possible loss of data
c:\users\axel\documents\visual studio 2010\projects\riptide physics\riptide physics\shape.cpp(43): warning C4244: 'return' : conversion from 'float' to 'int', possible loss of data
c:\users\axel\documents\visual studio 2010\projects\riptide physics\riptide physics\shape.cpp(72): warning C4018: '<' : signed/unsigned mismatch
c:\users\axel\documents\visual studio 2010\projects\riptide physics\riptide physics\shape.cpp(139): warning C4018: '<' : signed/unsigned mismatch
  ScrollBox.cpp
c:\users\axel\documents\visual studio 2010\projects\riptide physics\riptide physics\shape.h(24): warning C4244: 'argument' : conversion from 'double' to 'FLOAT', possible loss of data
c:\users\axel\documents\visual studio 2010\projects\riptide physics\riptide physics\shape.h(24): warning C4244: 'argument' : conversion from 'double' to 'FLOAT', possible loss of data
  c:\program files (x86)\microsoft directx sdk (june 2010)\include\dinput.h: DIRECTINPUT_VERSION undefined. Defaulting to version 0x0800
c:\users\axel\documents\visual studio 2010\projects\riptide physics\riptide physics\scrollbox.cpp(17): warning C4244: '=' : conversion from 'int' to 'float', possible loss of data
c:\users\axel\documents\visual studio 2010\projects\riptide physics\riptide physics\scrollbox.cpp(79): warning C4018: '<' : signed/unsigned mismatch
c:\users\axel\documents\visual studio 2010\projects\riptide physics\riptide physics\scrollbox.cpp(94): warning C4244: 'initializing' : conversion from 'int' to 'float', possible loss of data
c:\users\axel\documents\visual studio 2010\projects\riptide physics\riptide physics\scrollbox.cpp(109): warning C4018: '<' : signed/unsigned mismatch
c:\users\axel\documents\visual studio 2010\projects\riptide physics\riptide physics\scrollbox.cpp(117): warning C4244: '-=' : conversion from 'float' to 'int', possible loss of data
c:\users\axel\documents\visual studio 2010\projects\riptide physics\riptide physics\scrollbox.cpp(134): warning C4018: '<' : signed/unsigned mismatch
c:\users\axel\documents\visual studio 2010\projects\riptide physics\riptide physics\scrollbox.cpp(152): warning C4018: '<' : signed/unsigned mismatch
  Sanbox.cpp
  c:\program files (x86)\microsoft directx sdk (june 2010)\include\dinput.h: DIRECTINPUT_VERSION undefined. Defaulting to version 0x0800
c:\users\axel\documents\visual studio 2010\projects\riptide physics\riptide physics\shape.h(24): warning C4244: 'argument' : conversion from 'double' to 'FLOAT', possible loss of data
c:\users\axel\documents\visual studio 2010\projects\riptide physics\riptide physics\shape.h(24): warning C4244: 'argument' : conversion from 'double' to 'FLOAT', possible loss of data
c:\users\axel\documents\visual studio 2010\projects\riptide physics\riptide physics\bigmatrix.h(21): warning C4018: '<' : signed/unsigned mismatch
c:\users\axel\documents\visual studio 2010\projects\riptide physics\riptide physics\bigmatrix.h(22): warning C4018: '<' : signed/unsigned mismatch
c:\users\axel\documents\visual studio 2010\projects\riptide physics\riptide physics\bigmatrix.h(45): warning C4018: '<' : signed/unsigned mismatch
c:\users\axel\documents\visual studio 2010\projects\riptide physics\riptide physics\sanbox.cpp(47): warning C4305: '=' : truncation from 'double' to 'float'
c:\users\axel\documents\visual studio 2010\projects\riptide physics\riptide physics\sanbox.cpp(49): warning C4244: 'argument' : conversion from 'time_t' to 'unsigned int', possible loss of data
c:\users\axel\documents\visual studio 2010\projects\riptide physics\riptide physics\sanbox.cpp(222): warning C4244: 'initializing' : conversion from 'double' to 'float', possible loss of data
c:\users\axel\documents\visual studio 2010\projects\riptide physics\riptide physics\sanbox.cpp(255): warning C4244: '=' : conversion from 'int' to 'float', possible loss of data
c:\users\axel\documents\visual studio 2010\projects\riptide physics\riptide physics\sanbox.cpp(256): warning C4244: '=' : conversion from 'int' to 'float', possible loss of data
  Runnable.cpp
  c:\program files (x86)\microsoft directx sdk (june 2010)\include\dinput.h: DIRECTINPUT_VERSION undefined. Defaulting to version 0x0800
  RigidBody.cpp
c:\users\axel\documents\visual studio 2010\projects\riptide physics\riptide physics\shape.h(24): warning C4244: 'argument' : conversion from 'double' to 'FLOAT', possible loss of data
c:\users\axel\documents\visual studio 2010\projects\riptide physics\riptide physics\shape.h(24): warning C4244: 'argument' : conversion from 'double' to 'FLOAT', possible loss of data
c:\users\axel\documents\visual studio 2010\projects\riptide physics\riptide physics\rigidbody.cpp(10): warning C4244: 'argument' : conversion from 'int' to 'float', possible loss of data
c:\users\axel\documents\visual studio 2010\projects\riptide physics\riptide physics\rigidbody.cpp(10): warning C4244: 'argument' : conversion from 'int' to 'float', possible loss of data
c:\users\axel\documents\visual studio 2010\projects\riptide physics\riptide physics\rigidbody.cpp(11): warning C4244: 'argument' : conversion from 'int' to 'float', possible loss of data
c:\users\axel\documents\visual studio 2010\projects\riptide physics\riptide physics\rigidbody.cpp(11): warning C4244: 'argument' : conversion from 'int' to 'float', possible loss of data
c:\users\axel\documents\visual studio 2010\projects\riptide physics\riptide physics\rigidbody.cpp(12): warning C4244: 'argument' : conversion from 'int' to 'float', possible loss of data
c:\users\axel\documents\visual studio 2010\projects\riptide physics\riptide physics\rigidbody.cpp(12): warning C4244: 'argument' : conversion from 'int' to 'float', possible loss of data
c:\users\axel\documents\visual studio 2010\projects\riptide physics\riptide physics\rigidbody.cpp(13): warning C4244: 'argument' : conversion from 'int' to 'float', possible loss of data
c:\users\axel\documents\visual studio 2010\projects\riptide physics\riptide physics\rigidbody.cpp(13): warning C4244: 'argument' : conversion from 'int' to 'float', possible loss of data
c:\users\axel\documents\visual studio 2010\projects\riptide physics\riptide physics\rigidbody.cpp(73): warning C4244: 'argument' : conversion from 'int' to 'FLOAT', possible loss of data
  MouseBox.cpp
  c:\program files (x86)\microsoft directx sdk (june 2010)\include\dinput.h: DIRECTINPUT_VERSION undefined. Defaulting to version 0x0800
c:\users\axel\documents\visual studio 2010\projects\riptide physics\riptide physics\shape.h(24): warning C4244: 'argument' : conversion from 'double' to 'FLOAT', possible loss of data
c:\users\axel\documents\visual studio 2010\projects\riptide physics\riptide physics\shape.h(24): warning C4244: 'argument' : conversion from 'double' to 'FLOAT', possible loss of data
  Menu.cpp
  c:\program files (x86)\microsoft directx sdk (june 2010)\include\dinput.h: DIRECTINPUT_VERSION undefined. Defaulting to version 0x0800
c:\users\axel\documents\visual studio 2010\projects\riptide physics\riptide physics\shape.h(24): warning C4244: 'argument' : conversion from 'double' to 'FLOAT', possible loss of data
c:\users\axel\documents\visual studio 2010\projects\riptide physics\riptide physics\shape.h(24): warning C4244: 'argument' : conversion from 'double' to 'FLOAT', possible loss of data
c:\users\axel\documents\visual studio 2010\projects\riptide physics\riptide physics\menu.cpp(122): warning C4244: '=' : conversion from 'int' to 'float', possible loss of data
c:\users\axel\documents\visual studio 2010\projects\riptide physics\riptide physics\menu.cpp(123): warning C4244: '=' : conversion from 'int' to 'float', possible loss of data
c:\users\axel\documents\visual studio 2010\projects\riptide physics\riptide physics\menu.cpp(124): warning C4244: '=' : conversion from 'int' to 'float', possible loss of data
c:\users\axel\documents\visual studio 2010\projects\riptide physics\riptide physics\menu.cpp(125): warning C4244: '=' : conversion from 'int' to 'float', possible loss of data
c:\users\axel\documents\visual studio 2010\projects\riptide physics\riptide physics\menu.cpp(141): warning C4244: '=' : conversion from 'double' to 'int', possible loss of data
c:\users\axel\documents\visual studio 2010\projects\riptide physics\riptide physics\menu.cpp(143): warning C4244: '=' : conversion from 'double' to 'int', possible loss of data
c:\users\axel\documents\visual studio 2010\projects\riptide physics\riptide physics\menu.cpp(147): warning C4244: '=' : conversion from 'int' to 'float', possible loss of data
c:\users\axel\documents\visual studio 2010\projects\riptide physics\riptide physics\menu.cpp(148): warning C4244: '=' : conversion from 'int' to 'float', possible loss of data
c:\users\axel\documents\visual studio 2010\projects\riptide physics\riptide physics\menu.cpp(149): warning C4244: '=' : conversion from 'int' to 'float', possible loss of data
c:\users\axel\documents\visual studio 2010\projects\riptide physics\riptide physics\menu.cpp(150): warning C4244: '=' : conversion from 'int' to 'float', possible loss of data
c:\users\axel\documents\visual studio 2010\projects\riptide physics\riptide physics\menu.cpp(172): warning C4244: 'argument' : conversion from 'float' to 'int', possible loss of data
c:\users\axel\documents\visual studio 2010\projects\riptide physics\riptide physics\menu.cpp(172): warning C4244: 'argument' : conversion from 'float' to 'int', possible loss of data
c:\users\axel\documents\visual studio 2010\projects\riptide physics\riptide physics\menu.cpp(299): warning C4244: '-=' : conversion from 'double' to 'int', possible loss of data
c:\users\axel\documents\visual studio 2010\projects\riptide physics\riptide physics\menu.cpp(319): warning C4244: '-=' : conversion from 'double' to 'int', possible loss of data
c:\users\axel\documents\visual studio 2010\projects\riptide physics\riptide physics\menu.cpp(339): warning C4244: '=' : conversion from 'int' to 'float', possible loss of data
c:\users\axel\documents\visual studio 2010\projects\riptide physics\riptide physics\menu.cpp(340): warning C4244: '=' : conversion from 'int' to 'float', possible loss of data
c:\users\axel\documents\visual studio 2010\projects\riptide physics\riptide physics\menu.cpp(341): warning C4244: '=' : conversion from 'int' to 'float', possible loss of data
c:\users\axel\documents\visual studio 2010\projects\riptide physics\riptide physics\menu.cpp(342): warning C4244: '=' : conversion from 'int' to 'float', possible loss of data
c:\users\axel\documents\visual studio 2010\projects\riptide physics\riptide physics\menu.cpp(251): warning C4101: 'curY' : unreferenced local variable
c:\users\axel\documents\visual studio 2010\projects\riptide physics\riptide physics\menu.cpp(250): warning C4101: 'curX' : unreferenced local variable
  MainMenu.cpp
  c:\program files (x86)\microsoft directx sdk (june 2010)\include\dinput.h: DIRECTINPUT_VERSION undefined. Defaulting to version 0x0800
c:\users\axel\documents\visual studio 2010\projects\riptide physics\riptide physics\shape.h(24): warning C4244: 'argument' : conversion from 'double' to 'FLOAT', possible loss of data
c:\users\axel\documents\visual studio 2010\projects\riptide physics\riptide physics\shape.h(24): warning C4244: 'argument' : conversion from 'double' to 'FLOAT', possible loss of data
  Help.cpp
c:\users\axel\documents\visual studio 2010\projects\riptide physics\riptide physics\shape.h(24): warning C4244: 'argument' : conversion from 'double' to 'FLOAT', possible loss of data
c:\users\axel\documents\visual studio 2010\projects\riptide physics\riptide physics\shape.h(24): warning C4244: 'argument' : conversion from 'double' to 'FLOAT', possible loss of data
  c:\program files (x86)\microsoft directx sdk (june 2010)\include\dinput.h: DIRECTINPUT_VERSION undefined. Defaulting to version 0x0800
  Graphics.cpp
c:\users\axel\documents\visual studio 2010\projects\riptide physics\riptide physics\shape.h(24): warning C4244: 'argument' : conversion from 'double' to 'FLOAT', possible loss of data
c:\users\axel\documents\visual studio 2010\projects\riptide physics\riptide physics\shape.h(24): warning C4244: 'argument' : conversion from 'double' to 'FLOAT', possible loss of data
c:\users\axel\documents\visual studio 2010\projects\riptide physics\riptide physics\graphics.cpp(56): warning C4996: 'sprintf': This function or variable may be unsafe. Consider using sprintf_s instead. To disable deprecation, use _CRT_SECURE_NO_WARNINGS. See online help for details.
          c:\program files (x86)\microsoft visual studio 10.0\vc\include\stdio.h(371) : see declaration of 'sprintf'
c:\users\axel\documents\visual studio 2010\projects\riptide physics\riptide physics\graphics.cpp(81): warning C4996: 'strcpy': This function or variable may be unsafe. Consider using strcpy_s instead. To disable deprecation, use _CRT_SECURE_NO_WARNINGS. See online help for details.
          c:\program files (x86)\microsoft visual studio 10.0\vc\include\string.h(105) : see declaration of 'strcpy'
c:\users\axel\documents\visual studio 2010\projects\riptide physics\riptide physics\graphics.cpp(495): warning C4244: 'initializing' : conversion from 'float' to 'int', possible loss of data
c:\users\axel\documents\visual studio 2010\projects\riptide physics\riptide physics\graphics.cpp(497): warning C4244: '=' : conversion from 'int' to 'float', possible loss of data
  GfxStats.cpp
c:\users\axel\documents\visual studio 2010\projects\riptide physics\riptide physics\gfxstats.cpp(22): warning C4996: 'strcpy': This function or variable may be unsafe. Consider using strcpy_s instead. To disable deprecation, use _CRT_SECURE_NO_WARNINGS. See online help for details.
          c:\program files (x86)\microsoft visual studio 10.0\vc\include\string.h(105) : see declaration of 'strcpy'
c:\users\axel\documents\visual studio 2010\projects\riptide physics\riptide physics\gfxstats.cpp(113): warning C4996: 'sprintf': This function or variable may be unsafe. Consider using sprintf_s instead. To disable deprecation, use _CRT_SECURE_NO_WARNINGS. See online help for details.
          c:\program files (x86)\microsoft visual studio 10.0\vc\include\stdio.h(371) : see declaration of 'sprintf'
  Game.cpp
c:\users\axel\documents\visual studio 2010\projects\riptide physics\riptide physics\camera.h(38): warning C4244: 'return' : conversion from 'DWORD' to 'float', possible loss of data
c:\users\axel\documents\visual studio 2010\projects\riptide physics\riptide physics\camera.h(39): warning C4244: 'return' : conversion from 'DWORD' to 'float', possible loss of data
c:\users\axel\documents\visual studio 2010\projects\riptide physics\riptide physics\shape.h(24): warning C4244: 'argument' : conversion from 'double' to 'FLOAT', possible loss of data
c:\users\axel\documents\visual studio 2010\projects\riptide physics\riptide physics\shape.h(24): warning C4244: 'argument' : conversion from 'double' to 'FLOAT', possible loss of data
  c:\program files (x86)\microsoft directx sdk (june 2010)\include\dinput.h: DIRECTINPUT_VERSION undefined. Defaulting to version 0x0800
c:\users\axel\documents\visual studio 2010\projects\riptide physics\riptide physics\bigmatrix.h(21): warning C4018: '<' : signed/unsigned mismatch
c:\users\axel\documents\visual studio 2010\projects\riptide physics\riptide physics\bigmatrix.h(22): warning C4018: '<' : signed/unsigned mismatch
c:\users\axel\documents\visual studio 2010\projects\riptide physics\riptide physics\bigmatrix.h(45): warning C4018: '<' : signed/unsigned mismatch
  Effects.cpp
c:\users\axel\documents\visual studio 2010\projects\riptide physics\riptide physics\shape.h(24): warning C4244: 'argument' : conversion from 'double' to 'FLOAT', possible loss of data
c:\users\axel\documents\visual studio 2010\projects\riptide physics\riptide physics\shape.h(24): warning C4244: 'argument' : conversion from 'double' to 'FLOAT', possible loss of data
c:\users\axel\documents\visual studio 2010\projects\riptide physics\riptide physics\effects.cpp(56): warning C4244: 'argument' : conversion from 'float' to 'int', possible loss of data
c:\users\axel\documents\visual studio 2010\projects\riptide physics\riptide physics\effects.cpp(56): warning C4244: 'argument' : conversion from 'float' to 'int', possible loss of data
c:\users\axel\documents\visual studio 2010\projects\riptide physics\riptide physics\effects.cpp(127): warning C4244: 'argument' : conversion from 'int' to 'FLOAT', possible loss of data
c:\users\axel\documents\visual studio 2010\projects\riptide physics\riptide physics\effects.cpp(128): warning C4244: 'argument' : conversion from 'int' to 'FLOAT', possible loss of data
c:\users\axel\documents\visual studio 2010\projects\riptide physics\riptide physics\effects.cpp(166): warning C4244: 'argument' : conversion from 'int' to 'FLOAT', possible loss of data
c:\users\axel\documents\visual studio 2010\projects\riptide physics\riptide physics\effects.cpp(167): warning C4244: 'argument' : conversion from 'int' to 'FLOAT', possible loss of data
  DirectInput.cpp
  c:\program files (x86)\microsoft directx sdk (june 2010)\include\dinput.h: DIRECTINPUT_VERSION undefined. Defaulting to version 0x0800
c:\users\axel\documents\visual studio 2010\projects\riptide physics\riptide physics\shape.h(24): warning C4244: 'argument' : conversion from 'double' to 'FLOAT', possible loss of data
c:\users\axel\documents\visual studio 2010\projects\riptide physics\riptide physics\shape.h(24): warning C4244: 'argument' : conversion from 'double' to 'FLOAT', possible loss of data
c:\users\axel\documents\visual studio 2010\projects\riptide physics\riptide physics\directinput.cpp(36): warning C4244: '=' : conversion from 'LONG' to 'float', possible loss of data
c:\users\axel\documents\visual studio 2010\projects\riptide physics\riptide physics\directinput.cpp(37): warning C4244: '=' : conversion from 'LONG' to 'float', possible loss of data
c:\users\axel\documents\visual studio 2010\projects\riptide physics\riptide physics\directinput.cpp(171): warning C4244: '=' : conversion from 'LONG' to 'float', possible loss of data
c:\users\axel\documents\visual studio 2010\projects\riptide physics\riptide physics\directinput.cpp(178): warning C4244: '=' : conversion from 'int' to 'float', possible loss of data
c:\users\axel\documents\visual studio 2010\projects\riptide physics\riptide physics\directinput.cpp(187): warning C4244: '=' : conversion from 'LONG' to 'float', possible loss of data
c:\users\axel\documents\visual studio 2010\projects\riptide physics\riptide physics\directinput.cpp(193): warning C4244: '=' : conversion from 'LONG' to 'float', possible loss of data
c:\users\axel\documents\visual studio 2010\projects\riptide physics\riptide physics\directinput.cpp(241): warning C4244: '=' : conversion from 'LONG' to 'float', possible loss of data
c:\users\axel\documents\visual studio 2010\projects\riptide physics\riptide physics\directinput.cpp(242): warning C4244: '=' : conversion from 'LONG' to 'float', possible loss of data
  Collision.cpp
c:\users\axel\documents\visual studio 2010\projects\riptide physics\riptide physics\shape.h(24): warning C4244: 'argument' : conversion from 'double' to 'FLOAT', possible loss of data
c:\users\axel\documents\visual studio 2010\projects\riptide physics\riptide physics\shape.h(24): warning C4244: 'argument' : conversion from 'double' to 'FLOAT', possible loss of data
c:\users\axel\documents\visual studio 2010\projects\riptide physics\riptide physics\bigmatrix.h(21): warning C4018: '<' : signed/unsigned mismatch
c:\users\axel\documents\visual studio 2010\projects\riptide physics\riptide physics\bigmatrix.h(22): warning C4018: '<' : signed/unsigned mismatch
c:\users\axel\documents\visual studio 2010\projects\riptide physics\riptide physics\bigmatrix.h(45): warning C4018: '<' : signed/unsigned mismatch
c:\users\axel\documents\visual studio 2010\projects\riptide physics\riptide physics\collision.cpp(85): warning C4244: '/=' : conversion from 'double' to 'float', possible loss of data
c:\users\axel\documents\visual studio 2010\projects\riptide physics\riptide physics\collision.cpp(86): warning C4244: '/=' : conversion from 'double' to 'float', possible loss of data
c:\users\axel\documents\visual studio 2010\projects\riptide physics\riptide physics\collision.cpp(187): warning C4244: '/=' : conversion from 'double' to 'float', possible loss of data
c:\users\axel\documents\visual studio 2010\projects\riptide physics\riptide physics\collision.cpp(188): warning C4244: '/=' : conversion from 'double' to 'float', possible loss of data
c:\users\axel\documents\visual studio 2010\projects\riptide physics\riptide physics\collision.cpp(250): warning C4244: '=' : conversion from 'double' to 'float', possible loss of data
c:\users\axel\documents\visual studio 2010\projects\riptide physics\riptide physics\collision.cpp(256): warning C4018: '<' : signed/unsigned mismatch
c:\users\axel\documents\visual studio 2010\projects\riptide physics\riptide physics\collision.cpp(271): warning C4018: '<' : signed/unsigned mismatch
c:\users\axel\documents\visual studio 2010\projects\riptide physics\riptide physics\collision.cpp(22): warning C4101: 'feature' : unreferenced local variable
c:\users\axel\documents\visual studio 2010\projects\riptide physics\riptide physics\collision.cpp(41): warning C4101: 'buffer' : unreferenced local variable
c:\users\axel\documents\visual studio 2010\projects\riptide physics\riptide physics\collision.cpp(313): warning C4244: '/=' : conversion from 'double' to 'float', possible loss of data
c:\users\axel\documents\visual studio 2010\projects\riptide physics\riptide physics\collision.cpp(314): warning C4244: '/=' : conversion from 'double' to 'float', possible loss of data
c:\users\axel\documents\visual studio 2010\projects\riptide physics\riptide physics\collision.cpp(293): warning C4101: 'buffer' : unreferenced local variable
  Camera.cpp
c:\users\axel\documents\visual studio 2010\projects\riptide physics\riptide physics\camera.h(38): warning C4244: 'return' : conversion from 'DWORD' to 'float', possible loss of data
c:\users\axel\documents\visual studio 2010\projects\riptide physics\riptide physics\camera.h(39): warning C4244: 'return' : conversion from 'DWORD' to 'float', possible loss of data
c:\users\axel\documents\visual studio 2010\projects\riptide physics\riptide physics\camera.cpp(8): warning C4244: '=' : conversion from 'float' to 'DWORD', possible loss of data
c:\users\axel\documents\visual studio 2010\projects\riptide physics\riptide physics\camera.cpp(9): warning C4244: '=' : conversion from 'float' to 'DWORD', possible loss of data
  Arbiter.cpp
c:\users\axel\documents\visual studio 2010\projects\riptide physics\riptide physics\shape.h(24): warning C4244: 'argument' : conversion from 'double' to 'FLOAT', possible loss of data
c:\users\axel\documents\visual studio 2010\projects\riptide physics\riptide physics\shape.h(24): warning C4244: 'argument' : conversion from 'double' to 'FLOAT', possible loss of data
c:\users\axel\documents\visual studio 2010\projects\riptide physics\riptide physics\arbiter.cpp(34): warning C4018: '<' : signed/unsigned mismatch
c:\users\axel\documents\visual studio 2010\projects\riptide physics\riptide physics\arbiter.cpp(56): warning C4018: '<' : signed/unsigned mismatch
c:\users\axel\documents\visual studio 2010\projects\riptide physics\riptide physics\arbiter.cpp(61): warning C4018: '<' : signed/unsigned mismatch
c:\users\axel\documents\visual studio 2010\projects\riptide physics\riptide physics\arbiter.cpp(103): warning C4018: '<' : signed/unsigned mismatch
c:\users\axel\documents\visual studio 2010\projects\riptide physics\riptide physics\arbiter.cpp(146): warning C4018: '<' : signed/unsigned mismatch
  About.cpp
c:\users\axel\documents\visual studio 2010\projects\riptide physics\riptide physics\shape.h(24): warning C4244: 'argument' : conversion from 'double' to 'FLOAT', possible loss of data
c:\users\axel\documents\visual studio 2010\projects\riptide physics\riptide physics\shape.h(24): warning C4244: 'argument' : conversion from 'double' to 'FLOAT', possible loss of data
  c:\program files (x86)\microsoft directx sdk (june 2010)\include\dinput.h: DIRECTINPUT_VERSION undefined. Defaulting to version 0x0800
  Generating Code...
c:\users\axel\documents\visual studio 2010\projects\riptide physics\riptide physics\graphics.cpp(212): warning C4715: 'Graphics::drawTexturedShape' : not all control paths return a value
LINK : warning LNK4075: ignoring '/INCREMENTAL' due to '/PROFILE' specification
About.obj : warning LNK4075: ignoring '/EDITANDCONTINUE' due to '/OPT:REF' specification
  Riptide Physics.vcxproj -> C:\Users\Axel\Documents\Visual Studio 2010\Projects\Riptide Physics\Debug\Papageno Sandbox.exe
