C:\USERS\AXEL\DOCUMENTS\VISUAL STUDIO 2010\PROJECTS\RIPTIDE PHYSICS\DEBUG\RIPTIDE PHYSICS.EXE
C:\USERS\AXEL\DOCUMENTS\VISUAL STUDIO 2010\PROJECTS\RIPTIDE PHYSICS\DEBUG\RIPTIDE PHYSICS.PDB
C:\USERS\AXEL\DOCUMENTS\VISUAL STUDIO 2010\PROJECTS\RIPTIDE PHYSICS\RIPTIDE PHYSICS\DEBUG\ARBITER.OBJ
C:\USERS\AXEL\DOCUMENTS\VISUAL STUDIO 2010\PROJECTS\RIPTIDE PHYSICS\RIPTIDE PHYSICS\DEBUG\CAMERA.OBJ
C:\Users\Axel\Documents\Visual Studio 2010\Projects\Riptide Physics\Riptide Physics\Debug\cl.command.1.tlog
C:\Users\Axel\Documents\Visual Studio 2010\Projects\Riptide Physics\Riptide Physics\Debug\CL.read.1.tlog
C:\Users\Axel\Documents\Visual Studio 2010\Projects\Riptide Physics\Riptide Physics\Debug\CL.write.1.tlog
C:\USERS\AXEL\DOCUMENTS\VISUAL STUDIO 2010\PROJECTS\RIPTIDE PHYSICS\RIPTIDE PHYSICS\DEBUG\COLLISION.OBJ
C:\USERS\AXEL\DOCUMENTS\VISUAL STUDIO 2010\PROJECTS\RIPTIDE PHYSICS\RIPTIDE PHYSICS\DEBUG\DIRECTINPUT.OBJ
C:\USERS\AXEL\DOCUMENTS\VISUAL STUDIO 2010\PROJECTS\RIPTIDE PHYSICS\RIPTIDE PHYSICS\DEBUG\GAME.OBJ
C:\USERS\AXEL\DOCUMENTS\VISUAL STUDIO 2010\PROJECTS\RIPTIDE PHYSICS\RIPTIDE PHYSICS\DEBUG\GFXSTATS.OBJ
C:\USERS\AXEL\DOCUMENTS\VISUAL STUDIO 2010\PROJECTS\RIPTIDE PHYSICS\RIPTIDE PHYSICS\DEBUG\GRAPHICS.OBJ
C:\Users\Axel\Documents\Visual Studio 2010\Projects\Riptide Physics\Riptide Physics\Debug\link.command.1.tlog
C:\Users\Axel\Documents\Visual Studio 2010\Projects\Riptide Physics\Riptide Physics\Debug\link.read.1.tlog
C:\Users\Axel\Documents\Visual Studio 2010\Projects\Riptide Physics\Riptide Physics\Debug\link.write.1.tlog
C:\Users\Axel\Documents\Visual Studio 2010\Projects\Riptide Physics\Riptide Physics\Debug\link-cvtres.read.1.tlog
C:\Users\Axel\Documents\Visual Studio 2010\Projects\Riptide Physics\Riptide Physics\Debug\link-cvtres.write.1.tlog
C:\USERS\AXEL\DOCUMENTS\VISUAL STUDIO 2010\PROJECTS\RIPTIDE PHYSICS\RIPTIDE PHYSICS\DEBUG\MOUSEBOX.OBJ
C:\Users\Axel\Documents\Visual Studio 2010\Projects\Riptide Physics\Riptide Physics\Debug\mt.command.1.tlog
C:\Users\Axel\Documents\Visual Studio 2010\Projects\Riptide Physics\Riptide Physics\Debug\mt.read.1.tlog
C:\Users\Axel\Documents\Visual Studio 2010\Projects\Riptide Physics\Riptide Physics\Debug\mt.write.1.tlog
C:\Users\Axel\Documents\Visual Studio 2010\Projects\Riptide Physics\Riptide Physics\Debug\rc.command.1.tlog
C:\Users\Axel\Documents\Visual Studio 2010\Projects\Riptide Physics\Riptide Physics\Debug\rc.read.1.tlog
C:\Users\Axel\Documents\Visual Studio 2010\Projects\Riptide Physics\Riptide Physics\Debug\rc.write.1.tlog
C:\USERS\AXEL\DOCUMENTS\VISUAL STUDIO 2010\PROJECTS\RIPTIDE PHYSICS\RIPTIDE PHYSICS\DEBUG\RIGIDBODY.OBJ
C:\USERS\AXEL\DOCUMENTS\VISUAL STUDIO 2010\PROJECTS\RIPTIDE PHYSICS\RIPTIDE PHYSICS\DEBUG\RIPTIDE PHYSICS.EXE.EMBED.MANIFEST
C:\USERS\AXEL\DOCUMENTS\VISUAL STUDIO 2010\PROJECTS\RIPTIDE PHYSICS\RIPTIDE PHYSICS\DEBUG\RIPTIDE PHYSICS.EXE.EMBED.MANIFEST.RES
C:\USERS\AXEL\DOCUMENTS\VISUAL STUDIO 2010\PROJECTS\RIPTIDE PHYSICS\RIPTIDE PHYSICS\DEBUG\RIPTIDE PHYSICS.EXE.INTERMEDIATE.MANIFEST
C:\Users\Axel\Documents\Visual Studio 2010\Projects\Riptide Physics\Riptide Physics\Debug\Riptide Physics_manifest.rc
C:\USERS\AXEL\DOCUMENTS\VISUAL STUDIO 2010\PROJECTS\RIPTIDE PHYSICS\RIPTIDE PHYSICS\DEBUG\RUNNABLE.OBJ
C:\USERS\AXEL\DOCUMENTS\VISUAL STUDIO 2010\PROJECTS\RIPTIDE PHYSICS\RIPTIDE PHYSICS\DEBUG\SHAPE.OBJ
C:\Users\Axel\Documents\Visual Studio 2010\Projects\Riptide Physics\Riptide Physics\Debug\vc100.idb
C:\USERS\AXEL\DOCUMENTS\VISUAL STUDIO 2010\PROJECTS\RIPTIDE PHYSICS\RIPTIDE PHYSICS\DEBUG\VC100.PDB
C:\USERS\AXEL\DOCUMENTS\VISUAL STUDIO 2010\PROJECTS\RIPTIDE PHYSICS\RIPTIDE PHYSICS\DEBUG\VERTEX.OBJ
C:\USERS\AXEL\DOCUMENTS\VISUAL STUDIO 2010\PROJECTS\RIPTIDE PHYSICS\RIPTIDE PHYSICS\DEBUG\WORLD.OBJ
